0 info it worked if it ends with ok
1 verbose cli [ 'node', '/Users/henrik/.nvm/v0.12.1/bin/npm', 'run', 'yolo' ]
2 info using npm@2.7.5
3 info using node@v0.12.1
4 verbose run-script [ 'preyolo', 'yolo', 'postyolo' ]
5 info preyolo lablr@1.5.0
6 info yolo lablr@1.5.0
7 verbose unsafe-perm in lifecycle true
8 info lablr@1.5.0 Failed to exec yolo script
9 verbose stack Error: lablr@1.5.0 yolo: `npm run commit && npm run build && npm run deploy`
9 verbose stack Exit status 1
9 verbose stack     at EventEmitter.<anonymous> (/Users/henrik/.nvm/v0.12.1/lib/node_modules/npm/lib/utils/lifecycle.js:213:16)
9 verbose stack     at EventEmitter.emit (events.js:110:17)
9 verbose stack     at ChildProcess.<anonymous> (/Users/henrik/.nvm/v0.12.1/lib/node_modules/npm/lib/utils/spawn.js:14:12)
9 verbose stack     at ChildProcess.emit (events.js:110:17)
9 verbose stack     at maybeClose (child_process.js:1008:16)
9 verbose stack     at Process.ChildProcess._handle.onexit (child_process.js:1080:5)
10 verbose pkgid lablr@1.5.0
11 verbose cwd /Users/henrik/Sites/lablr
12 error Darwin 14.1.0
13 error argv "node" "/Users/henrik/.nvm/v0.12.1/bin/npm" "run" "yolo"
14 error node v0.12.1
15 error npm  v2.7.5
16 error code ELIFECYCLE
17 error lablr@1.5.0 yolo: `npm run commit && npm run build && npm run deploy`
17 error Exit status 1
18 error Failed at the lablr@1.5.0 yolo script 'npm run commit && npm run build && npm run deploy'.
18 error This is most likely a problem with the lablr package,
18 error not with npm itself.
18 error Tell the author that this fails on your system:
18 error     npm run commit && npm run build && npm run deploy
18 error You can get their info via:
18 error     npm owner ls lablr
18 error There is likely additional logging output above.
19 verbose exit [ 1, true ]
